Flow report for ZMEI
Fri Dec 25 23:54:54 2020
Quartus Prime Version 15.1.0 Build 185 10/21/2015 SJ Lite Edition


---------------------
; Table of Contents ;
---------------------
  1. Legal Notice
  2. Flow Summary
  3. Flow Settings
  4. Flow Non-Default Global Settings
  5. Flow Elapsed Time
  6. Flow OS Summary
  7. Flow Log
  8. Flow Messages
  9. Flow Suppressed Messages



----------------
; Legal Notice ;
----------------
Copyright (C) 1991-2015 Altera Corporation. All rights reserved.
Your use of Altera Corporation's design tools, logic functions 
and other software and tools, and its AMPP partner logic 
functions, and any output files from any of the foregoing 
(including device programming or simulation files), and any 
associated documentation or information are expressly subject 
to the terms and conditions of the Altera Program License 
Subscription Agreement, the Altera Quartus Prime License Agreement,
the Altera MegaCore Function License Agreement, or other 
applicable license agreement, including, without limitation, 
that your use is for the sole purpose of programming logic 
devices manufactured by Altera and sold by Altera or its 
authorized distributors.  Please refer to the applicable 
agreement for further details.



+----------------------------------------------------------------------------------+
; Flow Summary                                                                     ;
+------------------------------------+---------------------------------------------+
; Flow Status                        ; Successful - Fri Dec 25 23:54:36 2020       ;
; Quartus Prime Version              ; 15.1.0 Build 185 10/21/2015 SJ Lite Edition ;
; Revision Name                      ; ZMEI                                        ;
; Top-level Entity Name              ; ZMEI                                        ;
; Family                             ; Cyclone IV E                                ;
; Device                             ; EP4CE6E22C8                                 ;
; Timing Models                      ; Final                                       ;
; Total logic elements               ; 94 / 6,272 ( 1 % )                          ;
;     Total combinational functions  ; 94 / 6,272 ( 1 % )                          ;
;     Dedicated logic registers      ; 36 / 6,272 ( < 1 % )                        ;
; Total registers                    ; 36                                          ;
; Total pins                         ; 6 / 92 ( 7 % )                              ;
; Total virtual pins                 ; 0                                           ;
; Total memory bits                  ; 0 / 276,480 ( 0 % )                         ;
; Embedded Multiplier 9-bit elements ; 0 / 30 ( 0 % )                              ;
; Total PLLs                         ; 0 / 2 ( 0 % )                               ;
+------------------------------------+---------------------------------------------+


+-----------------------------------------+
; Flow Settings                           ;
+-------------------+---------------------+
; Option            ; Setting             ;
+-------------------+---------------------+
; Start date & time ; 12/25/2020 23:53:36 ;
; Main task         ; Compilation         ;
; Revision Name     ; ZMEI                ;
+-------------------+---------------------+


+-----------------------------------------------------------------------------------------------------------------+
; Flow Non-Default Global Settings                                                                                ;
+-------------------------------------+--------------------------------+---------------+-------------+------------+
; Assignment Name                     ; Value                          ; Default Value ; Entity Name ; Section Id ;
+-------------------------------------+--------------------------------+---------------+-------------+------------+
; COMPILER_SIGNATURE_ID               ; 70520201918564.160892961603240 ; --            ; --          ; --         ;
; MAX_CORE_JUNCTION_TEMP              ; 85                             ; --            ; --          ; --         ;
; MIN_CORE_JUNCTION_TEMP              ; 0                              ; --            ; --          ; --         ;
; NOMINAL_CORE_SUPPLY_VOLTAGE         ; 1.2V                           ; --            ; --          ; --         ;
; PARTITION_COLOR                     ; 16764057                       ; --            ; --          ; Top        ;
; PARTITION_FITTER_PRESERVATION_LEVEL ; PLACEMENT_AND_ROUTING          ; --            ; --          ; Top        ;
; PARTITION_NETLIST_TYPE              ; SOURCE                         ; --            ; --          ; Top        ;
; PROJECT_OUTPUT_DIRECTORY            ; output_files                   ; --            ; --          ; --         ;
+-------------------------------------+--------------------------------+---------------+-------------+------------+


+-------------------------------------------------------------------------------------------------------------------------------+
; Flow Elapsed Time                                                                                                             ;
+---------------------------+--------------+-------------------------+---------------------+------------------------------------+
; Module Name               ; Elapsed Time ; Average Processors Used ; Peak Virtual Memory ; Total CPU Time (on all processors) ;
+---------------------------+--------------+-------------------------+---------------------+------------------------------------+
; Analysis & Synthesis      ; 00:00:24     ; 1.0                     ; 4921 MB             ; 00:00:53                           ;
; Fitter                    ; 00:00:11     ; 1.0                     ; 5459 MB             ; 00:00:15                           ;
; Assembler                 ; 00:00:06     ; 1.0                     ; 4859 MB             ; 00:00:06                           ;
; TimeQuest Timing Analyzer ; 00:00:07     ; 1.0                     ; 4937 MB             ; 00:00:06                           ;
; Total                     ; 00:00:48     ; --                      ; --                  ; 00:01:20                           ;
+---------------------------+--------------+-------------------------+---------------------+------------------------------------+


+------------------------------------------------------------------------------------------+
; Flow OS Summary                                                                          ;
+---------------------------+--------------------+-----------+------------+----------------+
; Module Name               ; Machine Hostname   ; OS Name   ; OS Version ; Processor type ;
+---------------------------+--------------------+-----------+------------+----------------+
; Analysis & Synthesis      ; SmellneftyNotebook ; Windows 8 ; 6.2        ; x86_64         ;
; Fitter                    ; SmellneftyNotebook ; Windows 8 ; 6.2        ; x86_64         ;
; Assembler                 ; SmellneftyNotebook ; Windows 8 ; 6.2        ; x86_64         ;
; TimeQuest Timing Analyzer ; SmellneftyNotebook ; Windows 8 ; 6.2        ; x86_64         ;
+---------------------------+--------------------+-----------+------------+----------------+


------------
; Flow Log ;
------------
quartus_map --read_settings_files=on --write_settings_files=off ZMEI -c ZMEI
quartus_fit --read_settings_files=off --write_settings_files=off ZMEI -c ZMEI
quartus_asm --read_settings_files=off --write_settings_files=off ZMEI -c ZMEI
quartus_sta ZMEI -c ZMEI



